[START]---------------------------------------
Timestamp: 1/28/2017 3:58:27 PM

Message: Contact Email sent to alexclavijo85@gmail.com

Category: General

Priority: -1

EventId: 0

Severity: Information

Title:

Machine: DESKTOP-BB460RJ

App Domain: /LM/W3SVC/2/ROOT-1-131300925936076935

ProcessId: 5484

Process Name: C:\Program Files (x86)\IIS Express\iisexpress.exe

Thread Name: 

Win32 ThreadId:12648

Extended Properties: 
[END]-----------------------------------------
[START]---------------------------------------
Timestamp: 1/28/2017 4:04:54 PM

Message: Contact Email sent to alexclavijo85@gmail.com

Category: General

Priority: -1

EventId: 0

Severity: Information

Title:

Machine: DESKTOP-BB460RJ

App Domain: /LM/W3SVC/2/ROOT-1-131300930025490398

ProcessId: 7576

Process Name: C:\Program Files (x86)\IIS Express\iisexpress.exe

Thread Name: 

Win32 ThreadId:3976

Extended Properties: 
[END]-----------------------------------------
[START]---------------------------------------
Timestamp: 1/28/2017 4:05:38 PM

Message: Contact Email sent to alexclavijo85@gmail.com

Category: General

Priority: -1

EventId: 0

Severity: Information

Title:

Machine: DESKTOP-BB460RJ

App Domain: /LM/W3SVC/2/ROOT-1-131300930025490398

ProcessId: 7576

Process Name: C:\Program Files (x86)\IIS Express\iisexpress.exe

Thread Name: 

Win32 ThreadId:15248

Extended Properties: 
[END]-----------------------------------------
[START]---------------------------------------
Timestamp: 1/28/2017 4:14:44 PM

Message: Contact Email sent to alejandro@proafsolutions.com

Category: General

Priority: -1

EventId: 0

Severity: Information

Title:

Machine: DESKTOP-BB460RJ

App Domain: /LM/W3SVC/2/ROOT-1-131300936536161075

ProcessId: 16340

Process Name: C:\Program Files (x86)\IIS Express\iisexpress.exe

Thread Name: 

Win32 ThreadId:13620

Extended Properties: 
[END]-----------------------------------------
[START]---------------------------------------
Timestamp: 1/28/2017 4:19:18 PM

Message: Contact Email sent to alejandro@proafsolutions.com

Category: General

Priority: -1

EventId: 0

Severity: Information

Title:

Machine: DESKTOP-BB460RJ

App Domain: /LM/W3SVC/2/ROOT-1-131300936536161075

ProcessId: 16340

Process Name: C:\Program Files (x86)\IIS Express\iisexpress.exe

Thread Name: 

Win32 ThreadId:1324

Extended Properties: 
[END]-----------------------------------------
[START]---------------------------------------
Timestamp: 1/28/2017 4:24:18 PM

Message: Contact Email sent to alejandro@proafsolutions.com

Category: General

Priority: -1

EventId: 0

Severity: Information

Title:

Machine: DESKTOP-BB460RJ

App Domain: /LM/W3SVC/2/ROOT-1-131300942342691638

ProcessId: 14860

Process Name: C:\Program Files (x86)\IIS Express\iisexpress.exe

Thread Name: 

Win32 ThreadId:15764

Extended Properties: 
[END]-----------------------------------------
[START]---------------------------------------
Timestamp: 1/28/2017 4:26:13 PM

Message: Contact Email sent to alejandro@proafsolutions.com

Category: General

Priority: -1

EventId: 0

Severity: Information

Title:

Machine: DESKTOP-BB460RJ

App Domain: /LM/W3SVC/2/ROOT-1-131300942342691638

ProcessId: 14860

Process Name: C:\Program Files (x86)\IIS Express\iisexpress.exe

Thread Name: 

Win32 ThreadId:15764

Extended Properties: 
[END]-----------------------------------------
[START]---------------------------------------
Timestamp: 1/28/2017 4:31:05 PM

Message: Contact Email sent to alejandro@proafsolutions.com

Category: General

Priority: -1

EventId: 0

Severity: Information

Title:

Machine: DESKTOP-BB460RJ

App Domain: /LM/W3SVC/2/ROOT-1-131300945435344976

ProcessId: 9172

Process Name: C:\Program Files (x86)\IIS Express\iisexpress.exe

Thread Name: 

Win32 ThreadId:2852

Extended Properties: 
[END]-----------------------------------------
[START]---------------------------------------
Timestamp: 1/28/2017 4:33:02 PM

Message: Contact Email sent to alejandro@proafsolutions.com

Category: General

Priority: -1

EventId: 0

Severity: Information

Title:

Machine: DESKTOP-BB460RJ

App Domain: /LM/W3SVC/2/ROOT-1-131300947544132851

ProcessId: 15696

Process Name: C:\Program Files (x86)\IIS Express\iisexpress.exe

Thread Name: 

Win32 ThreadId:15492

Extended Properties: 
[END]-----------------------------------------
[START]---------------------------------------
Timestamp: 1/28/2017 4:48:14 PM

Message: Contact Email sent to alejandro@proafsolutions.com

Category: General

Priority: -1

EventId: 0

Severity: Information

Title:

Machine: DESKTOP-BB460RJ

App Domain: /LM/W3SVC/2/ROOT-1-131300956692027061

ProcessId: 6112

Process Name: C:\Program Files (x86)\IIS Express\iisexpress.exe

Thread Name: 

Win32 ThreadId:15736

Extended Properties: 
[END]-----------------------------------------
[START]---------------------------------------
Timestamp: 1/28/2017 4:49:43 PM

Message: Contact Email sent to alejandro@proafsolutions.com

Category: General

Priority: -1

EventId: 0

Severity: Information

Title:

Machine: DESKTOP-BB460RJ

App Domain: /LM/W3SVC/2/ROOT-1-131300957531638928

ProcessId: 15920

Process Name: C:\Program Files (x86)\IIS Express\iisexpress.exe

Thread Name: 

Win32 ThreadId:9768

Extended Properties: 
[END]-----------------------------------------
[START]---------------------------------------
Timestamp: 1/28/2017 5:00:11 PM

Message: Contact Email sent to alejandro@proafsolutions.com

Category: General

Priority: -1

EventId: 0

Severity: Information

Title:

Machine: DESKTOP-BB460RJ

App Domain: /LM/W3SVC/2/ROOT-1-131300963826558112

ProcessId: 10608

Process Name: C:\Program Files (x86)\IIS Express\iisexpress.exe

Thread Name: 

Win32 ThreadId:14732

Extended Properties: 
[END]-----------------------------------------
[START]---------------------------------------
Timestamp: 1/28/2017 5:01:31 PM

Message: Contact Email sent to alejandro@proafsolutions.com

Category: General

Priority: -1

EventId: 0

Severity: Information

Title:

Machine: DESKTOP-BB460RJ

App Domain: /LM/W3SVC/2/ROOT-1-131300963826558112

ProcessId: 10608

Process Name: C:\Program Files (x86)\IIS Express\iisexpress.exe

Thread Name: 

Win32 ThreadId:14732

Extended Properties: 
[END]-----------------------------------------
[START]---------------------------------------
Timestamp: 1/28/2017 5:30:12 PM

Message: Contact Email sent to alejandro@proafsolutions.com

Category: General

Priority: -1

EventId: 0

Severity: Information

Title:

Machine: DESKTOP-BB460RJ

App Domain: /LM/W3SVC/2/ROOT-1-131300981952965408

ProcessId: 16000

Process Name: C:\Program Files (x86)\IIS Express\iisexpress.exe

Thread Name: 

Win32 ThreadId:14132

Extended Properties: 
[END]-----------------------------------------
[START]---------------------------------------
Timestamp: 1/28/2017 5:33:20 PM

Message: Contact Email sent to alejandro@proafsolutions.com

Category: General

Priority: -1

EventId: 0

Severity: Information

Title:

Machine: DESKTOP-BB460RJ

App Domain: /LM/W3SVC/2/ROOT-1-131300983744928170

ProcessId: 16324

Process Name: C:\Program Files (x86)\IIS Express\iisexpress.exe

Thread Name: 

Win32 ThreadId:3672

Extended Properties: 
[END]-----------------------------------------
[START]---------------------------------------
Timestamp: 1/28/2017 5:35:47 PM

Message: Contact Email sent to alejandro@proafsolutions.com

Category: General

Priority: -1

EventId: 0

Severity: Information

Title:

Machine: DESKTOP-BB460RJ

App Domain: /LM/W3SVC/2/ROOT-1-131300983744928170

ProcessId: 16324

Process Name: C:\Program Files (x86)\IIS Express\iisexpress.exe

Thread Name: 

Win32 ThreadId:3672

Extended Properties: 
[END]-----------------------------------------
[START]---------------------------------------
Timestamp: 1/28/2017 9:25:29 PM

Message: Contact Email sent to postmaster@proafsolutions.com

Category: General

Priority: -1

EventId: 0

Severity: Information

Title:

Machine: DESKTOP-BB460RJ

App Domain: /LM/W3SVC/2/ROOT-1-131301122296662472

ProcessId: 7212

Process Name: C:\Program Files (x86)\IIS Express\iisexpress.exe

Thread Name: 

Win32 ThreadId:8680

Extended Properties: 
[END]-----------------------------------------
[START]---------------------------------------
Timestamp: 1/28/2017 9:29:37 PM

Message: Contact Email sent to postmaster@proafsolutions.com

Category: General

Priority: -1

EventId: 0

Severity: Information

Title:

Machine: DESKTOP-BB460RJ

App Domain: /LM/W3SVC/2/ROOT-1-131301125575985241

ProcessId: 13728

Process Name: C:\Program Files (x86)\IIS Express\iisexpress.exe

Thread Name: 

Win32 ThreadId:15452

Extended Properties: 
[END]-----------------------------------------
[START]---------------------------------------
Timestamp: 1/28/2017 9:34:22 PM

Message: Contact Email sent to postmaster@proafsolutions.com

Category: General

Priority: -1

EventId: 0

Severity: Information

Title:

Machine: DESKTOP-BB460RJ

App Domain: /LM/W3SVC/2/ROOT-1-131301128443161840

ProcessId: 4244

Process Name: C:\Program Files (x86)\IIS Express\iisexpress.exe

Thread Name: 

Win32 ThreadId:6528

Extended Properties: 
[END]-----------------------------------------
[START]---------------------------------------
Timestamp: 1/28/2017 9:42:15 PM

Message: Contact Email sent to postmaster@proafsolutions.com

Category: General

Priority: -1

EventId: 0

Severity: Information

Title:

Machine: DESKTOP-BB460RJ

App Domain: /LM/W3SVC/2/ROOT-1-131301133064549151

ProcessId: 14292

Process Name: C:\Program Files (x86)\IIS Express\iisexpress.exe

Thread Name: 

Win32 ThreadId:13704

Extended Properties: 
[END]-----------------------------------------
